<?xml version="1.0" encoding="UTF-8"?>
<testsuite name="com.motionParts.ecommerce.EcommerceApplicationTests" tests="1" skipped="0" failures="0" errors="0" timestamp="2025-03-11T02:27:23" hostname="DESKTOP-N3KJEFI" time="0.506">
  <properties/>
  <testcase name="contextLoads()" classname="com.motionParts.ecommerce.EcommerceApplicationTests" time="0.506"/>
  <system-out><![CDATA[21:27:15.822 [Test worker] INFO org.springframework.test.context.support.AnnotationConfigContextLoaderUtils -- Could not detect default configuration classes for test class [com.motionParts.ecommerce.EcommerceApplicationTests]: EcommerceApplicationTests does not declare any static, non-private, non-final, nested classes annotated with @Configuration.
21:27:16.041 [Test worker] INFO org.springframework.boot.test.context.SpringBootTestContextBootstrapper -- Found @SpringBootConfiguration com.motionParts.ecommerce.EcommerceApplication for test class com.motionParts.ecommerce.EcommerceApplicationTests

  .   ____          _            __ _ _
 /\\ / ___'_ __ _ _(_)_ __  __ _ \ \ \ \
( ( )\___ | '_ | '_| | '_ \/ _` | \ \ \ \
 \\/  ___)| |_)| | | | | || (_| |  ) ) ) )
  '  |____| .__|_| |_|_| |_\__, | / / / /
 =========|_|==============|___/=/_/_/_/

 :: Spring Boot ::                (v3.4.3)

2025-03-10T21:27:16.620-05:00  INFO 11824 --- [    Test worker] c.m.ecommerce.EcommerceApplicationTests  : Starting EcommerceApplicationTests using Java 21.0.6 with PID 11824 (started by Juan in C:\Users\DELLP\Desktop\PENDIENTE\car-electricos\ecommerce\MotionParts\Backend)
2025-03-10T21:27:16.620-05:00  INFO 11824 --- [    Test worker] c.m.ecommerce.EcommerceApplicationTests  : No active profile set, falling back to 1 default profile: "default"
2025-03-10T21:27:17.943-05:00  INFO 11824 --- [    Test worker] .s.d.r.c.RepositoryConfigurationDelegate : Bootstrapping Spring Data JPA repositories in DEFAULT mode.
2025-03-10T21:27:18.008-05:00  INFO 11824 --- [    Test worker] .s.d.r.c.RepositoryConfigurationDelegate : Finished Spring Data repository scanning in 53 ms. Found 1 JPA repository interface.
2025-03-10T21:27:18.950-05:00  INFO 11824 --- [    Test worker] o.hibernate.jpa.internal.util.LogHelper  : HHH000204: Processing PersistenceUnitInfo [name: default]
2025-03-10T21:27:19.033-05:00  INFO 11824 --- [    Test worker] org.hibernate.Version                    : HHH000412: Hibernate ORM core version 6.6.8.Final
2025-03-10T21:27:19.095-05:00  INFO 11824 --- [    Test worker] o.h.c.internal.RegionFactoryInitiator    : HHH000026: Second-level cache disabled
2025-03-10T21:27:19.517-05:00  INFO 11824 --- [    Test worker] o.s.o.j.p.SpringPersistenceUnitInfo      : No LoadTimeWeaver setup: ignoring JPA class transformer
2025-03-10T21:27:19.555-05:00  INFO 11824 --- [    Test worker] com.zaxxer.hikari.HikariDataSource       : HikariPool-1 - Starting...
2025-03-10T21:27:19.757-05:00  INFO 11824 --- [    Test worker] com.zaxxer.hikari.pool.HikariPool        : HikariPool-1 - Added connection org.postgresql.jdbc.PgConnection@437c1a87
2025-03-10T21:27:19.759-05:00  INFO 11824 --- [    Test worker] com.zaxxer.hikari.HikariDataSource       : HikariPool-1 - Start completed.
2025-03-10T21:27:19.802-05:00  WARN 11824 --- [    Test worker] org.hibernate.orm.deprecation            : HHH90000025: PostgreSQLDialect does not need to be specified explicitly using 'hibernate.dialect' (remove the property setting and it will be selected by default)
2025-03-10T21:27:19.827-05:00  INFO 11824 --- [    Test worker] org.hibernate.orm.connections.pooling    : HHH10001005: Database info:
	Database JDBC URL [Connecting through datasource 'HikariDataSource (HikariPool-1)']
	Database driver: undefined/unknown
	Database version: 17.2
	Autocommit mode: undefined/unknown
	Isolation level: undefined/unknown
	Minimum pool size: undefined/unknown
	Maximum pool size: undefined/unknown
2025-03-10T21:27:20.904-05:00  INFO 11824 --- [    Test worker] o.h.e.t.j.p.i.JtaPlatformInitiator       : HHH000489: No JTA platform available (set 'hibernate.transaction.jta.platform' to enable JTA platform integration)
2025-03-10T21:27:20.976-05:00  INFO 11824 --- [    Test worker] j.LocalContainerEntityManagerFactoryBean : Initialized JPA EntityManagerFactory for persistence unit 'default'
2025-03-10T21:27:21.540-05:00  WARN 11824 --- [    Test worker] JpaBaseConfiguration$JpaWebConfiguration : spring.jpa.open-in-view is enabled by default. Therefore, database queries may be performed during view rendering. Explicitly configure spring.jpa.open-in-view to disable this warning
2025-03-10T21:27:21.614-05:00  WARN 11824 --- [    Test worker] .s.s.UserDetailsServiceAutoConfiguration : 

Using generated security password: 80a979b2-d7f2-418b-85de-de39727e520f

This generated password is for development use only. Your security configuration must be updated before running your application in production.

2025-03-10T21:27:21.630-05:00  INFO 11824 --- [    Test worker] r$InitializeUserDetailsManagerConfigurer : Global AuthenticationManager configured with UserDetailsService bean with name inMemoryUserDetailsManager
Configurando CORS...
2025-03-10T21:27:22.369-05:00  INFO 11824 --- [    Test worker] o.s.b.a.e.web.EndpointLinksResolver      : Exposing 1 endpoint beneath base path '/actuator'
2025-03-10T21:27:23.410-05:00  INFO 11824 --- [    Test worker] c.m.ecommerce.EcommerceApplicationTests  : Started EcommerceApplicationTests in 7.142 seconds (process running for 8.726)
]]></system-out>
  <system-err><![CDATA[Mockito is currently self-attaching to enable the inline-mock-maker. This will no longer work in future releases of the JDK. Please add Mockito as an agent to your build what is described in Mockito's documentation: https://javadoc.io/doc/org.mockito/mockito-core/latest/org/mockito/Mockito.html#0.3
WARNING: A Java agent has been loaded dynamically (C:\Users\DELLP\.gradle\caches\modules-2\files-2.1\net.bytebuddy\byte-buddy-agent\1.15.11\a38b16385e867f59a641330f0362ebe742788ed8\byte-buddy-agent-1.15.11.jar)
WARNING: If a serviceability tool is in use, please run with -XX:+EnableDynamicAgentLoading to hide this warning
WARNING: If a serviceability tool is not in use, please run with -Djdk.instrument.traceUsage for more information
WARNING: Dynamic loading of agents will be disallowed by default in a future release
]]></system-err>
</testsuite>
